C:\Users\Jenny\Documents\Visual Studio 2010\Projects\senior_project\tinyxml\Debug_STL\BscMake.command.1.tlog
C:\Users\Jenny\Documents\Visual Studio 2010\Projects\senior_project\tinyxml\Debug_STL\bscmake.read.1.tlog
C:\Users\Jenny\Documents\Visual Studio 2010\Projects\senior_project\tinyxml\Debug_STL\bscmake.write.1.tlog
C:\Users\Jenny\Documents\Visual Studio 2010\Projects\senior_project\tinyxml\Debug_STL\cl.command.1.tlog
C:\Users\Jenny\Documents\Visual Studio 2010\Projects\senior_project\tinyxml\Debug_STL\CL.read.1.tlog
C:\Users\Jenny\Documents\Visual Studio 2010\Projects\senior_project\tinyxml\Debug_STL\CL.write.1.tlog
C:\Users\Jenny\Documents\Visual Studio 2010\Projects\senior_project\tinyxml\Debug_STL\lib.command.1.tlog
C:\Users\Jenny\Documents\Visual Studio 2010\Projects\senior_project\tinyxml\Debug_STL\Lib-link.read.1.tlog
C:\Users\Jenny\Documents\Visual Studio 2010\Projects\senior_project\tinyxml\Debug_STL\Lib-link.write.1.tlog
C:\USERS\JENNY\DOCUMENTS\VISUAL STUDIO 2010\PROJECTS\SENIOR_PROJECT\TINYXML\DEBUG_STL\TINYSTR.OBJ
C:\USERS\JENNY\DOCUMENTS\VISUAL STUDIO 2010\PROJECTS\SENIOR_PROJECT\TINYXML\DEBUG_STL\TINYSTR.SBR
C:\USERS\JENNY\DOCUMENTS\VISUAL STUDIO 2010\PROJECTS\SENIOR_PROJECT\TINYXML\DEBUG_STL\TINYXML.OBJ
C:\USERS\JENNY\DOCUMENTS\VISUAL STUDIO 2010\PROJECTS\SENIOR_PROJECT\TINYXML\DEBUG_STL\TINYXML.SBR
C:\USERS\JENNY\DOCUMENTS\VISUAL STUDIO 2010\PROJECTS\SENIOR_PROJECT\TINYXML\DEBUG_STL\TINYXMLERROR.OBJ
C:\USERS\JENNY\DOCUMENTS\VISUAL STUDIO 2010\PROJECTS\SENIOR_PROJECT\TINYXML\DEBUG_STL\TINYXMLERROR.SBR
C:\USERS\JENNY\DOCUMENTS\VISUAL STUDIO 2010\PROJECTS\SENIOR_PROJECT\TINYXML\DEBUG_STL\TINYXMLPARSER.OBJ
C:\USERS\JENNY\DOCUMENTS\VISUAL STUDIO 2010\PROJECTS\SENIOR_PROJECT\TINYXML\DEBUG_STL\TINYXMLPARSER.SBR
C:\USERS\JENNY\DOCUMENTS\VISUAL STUDIO 2010\PROJECTS\SENIOR_PROJECT\TINYXML\DEBUG_STL\TINYXMLSTL.BSC
C:\Users\Jenny\Documents\Visual Studio 2010\Projects\senior_project\tinyxml\Debug_STL\tinyxmlSTL.vcxprojResolveAssemblyReference.cache
C:\Users\Jenny\Documents\Visual Studio 2010\Projects\senior_project\tinyxml\Debug_STL\tinyxmlSTL.write.1.tlog
C:\Users\Jenny\Documents\Visual Studio 2010\Projects\senior_project\tinyxml\Debug_STL\vc100.idb
C:\USERS\JENNY\DOCUMENTS\VISUAL STUDIO 2010\PROJECTS\SENIOR_PROJECT\TINYXML\DEBUG_STL\VC100.PDB
C:\USERS\JENNY\DOCUMENTS\VISUAL STUDIO 2010\PROJECTS\SENIOR_PROJECT\TINYXML\TINYXMLD_STL.LIB
