Build started 4/25/2015 12:25:55 PM.
     1>Project "C:\Users\Jenny\Documents\Visual Studio 2010\Projects\senior_project\PositionBasedDynamics\PositionBasedDynamics.vcxproj" on node 2 (build target(s)).
     1>InitializeBuildStatus:
         Touching "Release\PositionBasedDynamics.unsuccessfulbuild".
       ClCompile:
         All outputs are up-to-date.
         All outputs are up-to-date.
       Link:
         C:\Program Files (x86)\Microsoft Visual Studio 10.0\VC\bin\link.exe /ERRORREPORT:PROMPT /OUT:"C:\Users\Jenny\Documents\Visual Studio 2010\Projects\senior_project\Release\PositionBasedDynamics.exe" /INCREMENTAL:NO /NOLOGO /LIBPATH:../glew/lib /LIBPATH:../glfw/lib /LIBPATH:../tinyxml tinyxml_STL.lib glew32.lib glu32.lib opengl32.lib glfw.lib glfwdll.lib kernel32.lib user32.lib gdi32.lib winspool.lib comdlg32.lib advapi32.lib shell32.lib ole32.lib oleaut32.lib uuid.lib odbc32.lib odbccp32.lib /MANIFEST /ManifestFile:"Release\PositionBasedDynamics.exe.intermediate.manifest" /MANIFESTUAC:"level='asInvoker' uiAccess='false'" /DEBUG /PDB:"C:\Users\Jenny\Documents\Visual Studio 2010\Projects\senior_project\Release\PositionBasedDynamics.pdb" /SUBSYSTEM:CONSOLE /OPT:REF /OPT:ICF /LTCG /TLBID:1 /DYNAMICBASE /NXCOMPAT /IMPLIB:"C:\Users\Jenny\Documents\Visual Studio 2010\Projects\senior_project\Release\PositionBasedDynamics.lib" /MACHINE:X86 Release\cloth_sim.obj
         Release\constraint.obj
         Release\main.obj
         Release\scene.obj
         Release\stb_image.obj
         Release\stb_image_write.obj
         Generating code
         Finished generating code
         PositionBasedDynamics.vcxproj -> C:\Users\Jenny\Documents\Visual Studio 2010\Projects\senior_project\Release\PositionBasedDynamics.exe
       Manifest:
         C:\Program Files (x86)\Microsoft SDKs\Windows\v7.0A\bin\mt.exe /nologo /verbose /outputresource:"C:\Users\Jenny\Documents\Visual Studio 2010\Projects\senior_project\Release\PositionBasedDynamics.exe;#1" /manifest Release\PositionBasedDynamics.exe.intermediate.manifest
       FinalizeBuildStatus:
         Deleting file "Release\PositionBasedDynamics.unsuccessfulbuild".
         Touching "Release\PositionBasedDynamics.lastbuildstate".
     1>Done Building Project "C:\Users\Jenny\Documents\Visual Studio 2010\Projects\senior_project\PositionBasedDynamics\PositionBasedDynamics.vcxproj" (build target(s)).

Build succeeded.

Time Elapsed 00:00:02.88
