Build started 4/25/2015 3:33:24 AM.
     1>Project "C:\Users\Jenny\Documents\Visual Studio 2010\Projects\senior_project\PositionBasedDynamics\PositionBasedDynamics.vcxproj" on node 2 (build target(s)).
     1>InitializeBuildStatus:
         Touching "Debug\PositionBasedDynamics.unsuccessfulbuild".
       ClCompile:
         C:\Program Files (x86)\Microsoft Visual Studio 10.0\VC\bin\CL.exe /c /I"C:\Program Files\NVIDIA GPU Computing Toolkit\CUDA\v5.5\include" /I"C:/ProgramData/NVIDIA Corporation/CUDA Samples/v5.5/common/inc" /I../shared/glew/includes /I../shared/freeglut/includes /I../tinyxml /I../glm /I../glew/include /I../glfw/include /ZI /nologo /W3 /WX- /Od /Oy- /D WIN32 /D _DEBUG /D _CONSOLE /D _UNICODE /D UNICODE /Gm /EHsc /RTC1 /MDd /GS /fp:precise /Zc:wchar_t /Zc:forScope /Fo"Debug\\" /Fd"Debug\vc100.pdb" /Gd /TP /analyze- /errorReport:prompt Source\cloth_sim.cpp Source\constraint.cpp Source\main.cpp Source\scene.cpp
         scene.cpp
     1>c:\users\jenny\documents\visual studio 2010\projects\senior_project\positionbaseddynamics\source\scene.cpp(201): warning C4018: '<' : signed/unsigned mismatch
     1>c:\users\jenny\documents\visual studio 2010\projects\senior_project\positionbaseddynamics\source\scene.cpp(202): warning C4018: '<' : signed/unsigned mismatch
     1>c:\users\jenny\documents\visual studio 2010\projects\senior_project\positionbaseddynamics\source\scene.cpp(209): warning C4018: '<' : signed/unsigned mismatch
     1>c:\users\jenny\documents\visual studio 2010\projects\senior_project\positionbaseddynamics\source\scene.cpp(210): warning C4018: '<' : signed/unsigned mismatch
     1>c:\users\jenny\documents\visual studio 2010\projects\senior_project\positionbaseddynamics\source\scene.cpp(211): warning C4018: '<' : signed/unsigned mismatch
     1>c:\users\jenny\documents\visual studio 2010\projects\senior_project\positionbaseddynamics\source\scene.cpp(489): warning C4244: 'argument' : conversion from 'double' to 'float', possible loss of data
     1>c:\users\jenny\documents\visual studio 2010\projects\senior_project\positionbaseddynamics\source\scene.cpp(515): warning C4244: 'argument' : conversion from 'double' to 'float', possible loss of data
         main.cpp
         Note: including lib: glut32.lib
         
     1>c:\program files\nvidia gpu computing toolkit\cuda\v5.5\include\thrust\detail\config\debug.h(21): fatal error C1017: invalid integer constant expression
         constraint.cpp
     1>c:\users\jenny\documents\visual studio 2010\projects\senior_project\positionbaseddynamics\source\constraint.cpp(76): warning C4244: 'initializing' : conversion from 'double' to 'float', possible loss of data
     1>c:\users\jenny\documents\visual studio 2010\projects\senior_project\positionbaseddynamics\source\constraint.cpp(91): warning C4018: '<' : signed/unsigned mismatch
         cloth_sim.cpp
     1>c:\users\jenny\documents\visual studio 2010\projects\senior_project\positionbaseddynamics\source\cloth_sim.cpp(46): warning C4305: '=' : truncation from 'double' to 'float'
     1>c:\users\jenny\documents\visual studio 2010\projects\senior_project\positionbaseddynamics\source\cloth_sim.cpp(191): warning C4018: '<' : signed/unsigned mismatch
     1>c:\users\jenny\documents\visual studio 2010\projects\senior_project\positionbaseddynamics\source\cloth_sim.cpp(238): warning C4244: 'initializing' : conversion from 'double' to 'float', possible loss of data
     1>c:\users\jenny\documents\visual studio 2010\projects\senior_project\positionbaseddynamics\source\cloth_sim.cpp(246): warning C4244: 'initializing' : conversion from 'double' to 'float', possible loss of data
     1>c:\users\jenny\documents\visual studio 2010\projects\senior_project\positionbaseddynamics\source\cloth_sim.cpp(256): warning C4018: '<' : signed/unsigned mismatch
     1>c:\users\jenny\documents\visual studio 2010\projects\senior_project\positionbaseddynamics\source\cloth_sim.cpp(274): warning C4018: '<' : signed/unsigned mismatch
     1>c:\users\jenny\documents\visual studio 2010\projects\senior_project\positionbaseddynamics\source\cloth_sim.cpp(292): warning C4018: '<' : signed/unsigned mismatch
     1>c:\users\jenny\documents\visual studio 2010\projects\senior_project\positionbaseddynamics\source\cloth_sim.cpp(301): warning C4244: 'initializing' : conversion from 'double' to 'float', possible loss of data
     1>c:\users\jenny\documents\visual studio 2010\projects\senior_project\positionbaseddynamics\source\cloth_sim.cpp(330): warning C4018: '<' : signed/unsigned mismatch
         Generating Code...
     1>Done Building Project "C:\Users\Jenny\Documents\Visual Studio 2010\Projects\senior_project\PositionBasedDynamics\PositionBasedDynamics.vcxproj" (build target(s)) -- FAILED.

Build FAILED.

Time Elapsed 00:00:02.70
